<?xml version="1.0" encoding="UTF-8"?>
<testng-results ignored="0" total="6" passed="6" failed="0" skipped="0">
  <reporter-output>
  </reporter-output>
  <suite started-at="2024-08-19T11:18:40 CDT" name="Suite" finished-at="2024-08-19T11:20:59 CDT" duration-ms="138751">
    <groups>
      <group name="cucumber">
        <method signature="AbstractTestNGCucumberTests.runScenario(io.cucumber.testng.PickleWrapper,io.cucumber.testng.FeatureWrapper)[pri:0, instance:runners.testRunner@55fe41ea]" name="runScenario" class="io.cucumber.testng.AbstractTestNGCucumberTests"/>
      </group> <!-- cucumber -->
    </groups>
    <test started-at="2024-08-19T11:18:40 CDT" name="Chrome tests" finished-at="2024-08-19T11:20:59 CDT" duration-ms="138751">
      <class name="runners.testRunner">
        <test-method is-config="true" signature="setUpClass(org.testng.ITestContext)[pri:0, instance:runners.testRunner@55fe41ea]" started-at="2024-08-19T11:18:40 CDT" name="setUpClass" finished-at="2024-08-19T11:18:41 CDT" duration-ms="430" status="PASS">
          <params>
            <param index="0">
              <value>
                <![CDATA[org.testng.TestRunner@2abf4075]]>
              </value>
            </param>
          </params>
          <reporter-output>
          </reporter-output>
        </test-method> <!-- setUpClass -->
        <test-method signature="runScenario(io.cucumber.testng.PickleWrapper,io.cucumber.testng.FeatureWrapper)[pri:0, instance:runners.testRunner@55fe41ea]" started-at="2024-08-19T11:18:41 CDT" name="runScenario" description="Runs Cucumber Scenarios" data-provider="scenarios" finished-at="2024-08-19T11:19:00 CDT" duration-ms="19762" status="PASS">
          <params>
            <param index="0">
              <value>
                <![CDATA["Verify if user able to redirect to Practice page"]]>
              </value>
            </param>
            <param index="1">
              <value>
                <![CDATA["Array"]]>
              </value>
            </param>
          </params>
          <reporter-output>
          </reporter-output>
        </test-method> <!-- runScenario -->
        <test-method signature="runScenario(io.cucumber.testng.PickleWrapper,io.cucumber.testng.FeatureWrapper)[pri:0, instance:runners.testRunner@55fe41ea]" started-at="2024-08-19T11:19:00 CDT" name="runScenario" description="Runs Cucumber Scenarios" data-provider="scenarios" finished-at="2024-08-19T11:19:20 CDT" duration-ms="19663" status="PASS">
          <params>
            <param index="0">
              <value>
                <![CDATA["Verify if user able to select "Search the Array"in Array Practice page and redirect to  tryEditor page  with a Run button to test"]]>
              </value>
            </param>
            <param index="1">
              <value>
                <![CDATA["Array"]]>
              </value>
            </param>
          </params>
          <reporter-output>
          </reporter-output>
        </test-method> <!-- runScenario -->
        <test-method signature="runScenario(io.cucumber.testng.PickleWrapper,io.cucumber.testng.FeatureWrapper)[pri:0, instance:runners.testRunner@55fe41ea]" started-at="2024-08-19T11:19:20 CDT" name="runScenario" description="Runs Cucumber Scenarios" data-provider="scenarios" finished-at="2024-08-19T11:19:48 CDT" duration-ms="27933" status="PASS">
          <params>
            <param index="0">
              <value>
                <![CDATA["Verify if user able to see the output in console"]]>
              </value>
            </param>
            <param index="1">
              <value>
                <![CDATA["Array"]]>
              </value>
            </param>
          </params>
          <reporter-output>
          </reporter-output>
        </test-method> <!-- runScenario -->
        <test-method signature="runScenario(io.cucumber.testng.PickleWrapper,io.cucumber.testng.FeatureWrapper)[pri:0, instance:runners.testRunner@55fe41ea]" started-at="2024-08-19T11:19:48 CDT" name="runScenario" description="Runs Cucumber Scenarios" data-provider="scenarios" finished-at="2024-08-19T11:20:14 CDT" duration-ms="26073" status="PASS">
          <params>
            <param index="0">
              <value>
                <![CDATA["Verify if user able to see the output in console"]]>
              </value>
            </param>
            <param index="1">
              <value>
                <![CDATA["Array"]]>
              </value>
            </param>
          </params>
          <reporter-output>
          </reporter-output>
        </test-method> <!-- runScenario -->
        <test-method signature="runScenario(io.cucumber.testng.PickleWrapper,io.cucumber.testng.FeatureWrapper)[pri:0, instance:runners.testRunner@55fe41ea]" started-at="2024-08-19T11:20:14 CDT" name="runScenario" description="Runs Cucumber Scenarios" data-provider="scenarios" finished-at="2024-08-19T11:20:34 CDT" duration-ms="20433" status="PASS">
          <params>
            <param index="0">
              <value>
                <![CDATA["Verify if user to see the error msg in pop up window"]]>
              </value>
            </param>
            <param index="1">
              <value>
                <![CDATA["Array"]]>
              </value>
            </param>
          </params>
          <reporter-output>
          </reporter-output>
        </test-method> <!-- runScenario -->
        <test-method signature="runScenario(io.cucumber.testng.PickleWrapper,io.cucumber.testng.FeatureWrapper)[pri:0, instance:runners.testRunner@55fe41ea]" started-at="2024-08-19T11:20:34 CDT" name="runScenario" description="Runs Cucumber Scenarios" data-provider="scenarios" finished-at="2024-08-19T11:20:59 CDT" duration-ms="24377" status="PASS">
          <params>
            <param index="0">
              <value>
                <![CDATA["Verify if user to see the error msg in console"]]>
              </value>
            </param>
            <param index="1">
              <value>
                <![CDATA["Array"]]>
              </value>
            </param>
          </params>
          <reporter-output>
          </reporter-output>
        </test-method> <!-- runScenario -->
        <test-method is-config="true" signature="tearDownClass()[pri:0, instance:runners.testRunner@55fe41ea]" started-at="2024-08-19T11:20:59 CDT" name="tearDownClass" finished-at="2024-08-19T11:20:59 CDT" duration-ms="24" status="PASS">
          <reporter-output>
          </reporter-output>
        </test-method> <!-- tearDownClass -->
      </class> <!-- runners.testRunner -->
    </test> <!-- Chrome tests -->
  </suite> <!-- Suite -->
</testng-results>
