<?xml version="1.0" encoding="UTF-8"?>
<testng-results ignored="0" total="2" passed="2" failed="0" skipped="0">
  <reporter-output>
  </reporter-output>
  <suite started-at="2024-08-01T15:22:32 CDT" name="Default suite" finished-at="2024-08-01T15:22:51 CDT" duration-ms="18969">
    <groups>
      <group name="cucumber">
        <method signature="AbstractTestNGCucumberTests.runScenario(io.cucumber.testng.PickleWrapper,io.cucumber.testng.FeatureWrapper)[pri:0, instance:runners.testRunner@4d1c00d0]" name="runScenario" class="io.cucumber.testng.AbstractTestNGCucumberTests"/>
      </group> <!-- cucumber -->
    </groups>
    <test started-at="2024-08-01T15:22:32 CDT" name="Default test" finished-at="2024-08-01T15:22:51 CDT" duration-ms="18969">
      <class name="runners.testRunner">
        <test-method is-config="true" signature="setUpClass(org.testng.ITestContext)[pri:0, instance:runners.testRunner@4d1c00d0]" started-at="2024-08-01T15:22:32 CDT" name="setUpClass" finished-at="2024-08-01T15:22:33 CDT" duration-ms="559" status="PASS">
          <params>
            <param index="0">
              <value>
                <![CDATA[org.testng.TestRunner@5793b87]]>
              </value>
            </param>
          </params>
          <reporter-output>
          </reporter-output>
        </test-method> <!-- setUpClass -->
        <test-method signature="runScenario(io.cucumber.testng.PickleWrapper,io.cucumber.testng.FeatureWrapper)[pri:0, instance:runners.testRunner@4d1c00d0]" started-at="2024-08-01T15:22:33 CDT" name="runScenario" description="Runs Cucumber Scenarios" data-provider="scenarios" finished-at="2024-08-01T15:22:44 CDT" duration-ms="11318" status="PASS">
          <params>
            <param index="0">
              <value>
                <![CDATA["Open browser and check title"]]>
              </value>
            </param>
            <param index="1">
              <value>
                <![CDATA["Cross-browser testing"]]>
              </value>
            </param>
          </params>
          <reporter-output>
          </reporter-output>
        </test-method> <!-- runScenario -->
        <test-method signature="runScenario(io.cucumber.testng.PickleWrapper,io.cucumber.testng.FeatureWrapper)[pri:0, instance:runners.testRunner@4d1c00d0]" started-at="2024-08-01T15:22:44 CDT" name="runScenario" description="Runs Cucumber Scenarios" data-provider="scenarios" finished-at="2024-08-01T15:22:51 CDT" duration-ms="6948" status="PASS">
          <params>
            <param index="0">
              <value>
                <![CDATA["Open browser and check title"]]>
              </value>
            </param>
            <param index="1">
              <value>
                <![CDATA["Cross-browser testing"]]>
              </value>
            </param>
          </params>
          <reporter-output>
          </reporter-output>
        </test-method> <!-- runScenario -->
        <test-method is-config="true" signature="tearDownClass()[pri:0, instance:runners.testRunner@4d1c00d0]" started-at="2024-08-01T15:22:51 CDT" name="tearDownClass" finished-at="2024-08-01T15:22:51 CDT" duration-ms="67" status="PASS">
          <reporter-output>
          </reporter-output>
        </test-method> <!-- tearDownClass -->
      </class> <!-- runners.testRunner -->
    </test> <!-- Default test -->
  </suite> <!-- Default suite -->
</testng-results>
